967
72001
74944
72003
74212
72006
73369
72008
73129
72014
73183
72018
73437
72021
75167
72023
72590
72025
75014
72027
75776
72034
72674
72038
75141
72046
72687
72052
72364
72054
73988
72060
75350
72065
74961
72066
72084
72069
75389
72070
73898
72072
72736
72075
73546
72076
73056
72077
72760
72078
73264
72216
72087
74697
72088
73076
72091
72166
72096
74022
72099
75099
72104
74945
72110
74872
72112
72525
72119
72861
72122
74325
72129
72731
72130
75981
72137
73380
72147
74913
72150
75127
72151
75120
72163
73119
72164
75285
72183
73909
72194
75728
72198
75765
72202
73382
72206
73541
72207
72379
72211
74224
72213
72583
72214
74476
72691
72220
74259
72222
73461
72226
75262
72227
75462
72231
72911
72234
73738
72237
74418
72238
73026
72242
73714
72243
73718
72248
75366
72254
75480
72262
72513
72264
73639
72268
75114
72271
73548
72274
72628
72275
74221
72279
74990
72280
74733
72286
74534
72287
73695
72296
72660
72302
73111
72312
74948
72313
72776
72316
75898
72320
74630
72322
73428
72334
74432
72335
73784
72336
73684
72337
75756
72341
73513
72343
75797
72348
75430
72349
73562
72353
72839
72357
75686
72360
73092
72362
72836
72381
73292
72386
72821
72389
75145
72407
74065
72411
73412
72414
75844
72415
74330
72417
74368
72422
74653
72423
72750
72429
75743
72435
72968
72436
74009
72437
73109
72443
74875
72445
73610
72448
75329
72449
72967
72458
75119
72459
75876
72463
74056
72486
73182
72487
74332
72491
73148
72499
73045
72503
74671
72504
73040
72505
74994
72506
73116
72510
72879
72529
72543
74980
72552
73965
72554
72557
72917
72560
72817
72573
74049
72575
74813
72578
72860
72584
73039
72585
73253
72587
74751
72592
75378
72599
74030
72600
74674
72603
74498
72605
73058
72609
74722
72610
73057
72614
72629
75401
72636
73331
72644
73122
72646
73588
72651
73166
72652
74293
72656
73365
72664
75315
72670
72676
73803
72680
74073
72684
73863
72693
75960
72696
72787
72700
73029
72707
74720
72713
73049
72714
74131
72716
74196
72721
75806
72735
74655
72740
74551
72741
72774
72747
74211
72751
75371
72757
74701
72758
75657
72762
74910
72769
73260
72770
74295
72775
73813
75869
72778
74988
72782
75489
72783
73775
72785
74781
72786
75110
72792
75168
72798
74908
72806
73577
72814
73592
75988
72819
74618
72826
75951
72831
73185
72848
73432
72854
73457
72856
73032
72857
75643
72863
73216
72868
73501
72876
73199
72878
72957
72880
73923
72881
73245
72885
72903
72892
74280
72896
74383
72901
75766
72902
73021
72908
73740
72910
75521
72919
74688
72940
73943
72941
75785
72949
75154
72955
73108
72956
75443
72959
75039
72962
73547
75298
72974
72997
72978
73322
72979
73701
72983
73978
72987
73970
72992
73864
72995
73229
73001
73304
73004
73222
73006
75064
73009
73802
73020
73398
75161
73022
73036
73179
73047
73424
74265
73060
74833
73063
73071
74644
73073
74541
73075
74732
75604
73078
75899
73081
74823
73086
74263
73088
73328
73089
75501
73096
74602
73097
73212
73099
75137
73100
74285
73101
73837
73102
73689
75097
73117
75451
74337
73121
73125
74552
73141
75380
73142
74623
73145
74680
73147
73931
73149
74194
73153
74035
73155
75050
73160
73731
73164
75094
73167
74760
73168
75143
73174
75333
73175
75183
73192
73590
73197
73218
73200
74141
73201
75487
73204
73525
73205
74710
73211
73223
75499
73224
75220
73228
73383
73235
75551
73696
73268
74296
73271
73409
73273
74261
73278
74775
73286
73617
73289
73693
73294
75047
73298
75681
73305
75407
73315
75821
73334
75655
73343
73939
73349
75096
73354
74041
73355
75048
73356
74750
74559
73377
73658
73381
73594
74187
73386
75075
74786
73404
73852
73414
74272
73415
74036
73416
73568
73427
73430
74777
73441
74481
73449
74193
73456
75459
73458
74497
73460
74061
73464
75854
73474
73754
73477
74267
73480
73570
73485
75962
73488
74957
73497
75105
73507
74397
73516
74849
73520
75086
73527
73860
73531
75519
73537
73540
74593
73551
75808
73555
74544
73564
74815
73571
73635
73575
75710
73589
75043
73602
75850
73611
75413
73623
74570
73625
73874
73636
74069
73661
74812
73682
73683
75828
73690
75358
73700
75541
73940
73710
75762
73720
73725
73748
75098
73753
73758
75365
73759
74597
73763
73771
73782
75668
73789
75242
73794
75690
73795
74410
73799
75826
73801
74524
73807
74607
73829
74581
73835
74378
73840
74154
73845
74222
73849
74207
73850
74589
73857
75383
73928
73873
75184
73876
75239
73880
75457
73892
73893
73895
74257
73901
73922
74838
73924
75645
73938
74609
73946
75888
73948
75764
73949
75948
73951
75307
73954
74678
73975
74529
73987
74329
73993
74978
73995
75770
74004
75781
74013
74555
74023
74393
74027
74032
75205
74034
75437
74040
75299
74045
74369
74063
74766
74067
74832
74068
74083
74076
75865
74093
74527
74121
74123
74232
74126
74968
74127
75150
74130
74804
74134
75610
74149
75500
74151
75111
75652
74171
75131
75013
74206
74321
74217
74599
74229
74282
74235
75330
74236
74238
74627
74240
74620
74245
75343
74247
75507
75235
74262
75939
74289
75083
74290
75916
74294
74302
75553
74320
75578
75815
75560
74638
74333
75892
74336
75545
74366
74578
74387
74547
74504
74395
75377
74399
74409
75955
74412
74946
74445
74420
74424
74436
74847
74440
74778
74447
75783
74448
74837
74459
75219
74463
75209
74467
74960
74494
74768
74502
74642
74513
74943
74679
74557
74941
74571
75328
74587
75132
74590
75990
74595
75558
74596
74603
74747
74614
75265
74649
74952
74691
75157
74712
75300
74713
74734
74716
75980
74731
75591
74886
74740
75576
74753
74795
74788
75825
74798
75287
74853
74817
75803
75076
74866
74871
74869
75747
74874
75034
74882
75278
74898
75833
74903
74915
75928
74922
74923
74928
74934
74932
75637
74967
75045
75008
75252
75160
75016
75804
75033
75467
75035
75893
75945
75884
75073
75271
75101
75419
75106
75671
75123
75646
75124
75495
75177
75327
75191
75398
75244
75534
75245
75263
75474
75399
75564
75409
75359
75452
75370
75595
75469
75788
75505
75691
75531
75904
75714
75567
75866
75680
75702
75791
75952
75847
