750
8 15
518 525
847 894
915 937
297 321
183 242
392 408
832 912
169 204
454 455
165 173
355 373
856 873
407 414
494 544
582 585
661 795
409 470
413 415
475 481
339 341
249 262
155 195
93 115
344 372
150 153
44 67
885 929
581 615
513 617
543 553
51 88
401 402
833 835
200 243
881 932
231 236
263 289
547 566
808 858
991 993
424 452
511 521
307 318
612 625
801 825
371 388
368 383
91 94
837 861
664 681
620 670
619 721
469 471
977 12
330 345
758 769
482 537
952 973
662 675
510 607
838 876
458 461
637 660
485
745
773 793
967 2
114 162
20 27
862 872
76 95
145
768
703 716
765 800
726 770
108 118
947 953
622 624
46 55
608 630
146 151
665 686
256 386
251
813 817
129 134
866 879
529 545
995 10
779
144 147
36 61
405 426
49 52
314
744 796
867
30 32
137 138
387
72 99
125
951
570
40 80
171 226
101 105
160 163
740 751
676 698
697 705
443 490
199 227
689 695
714 735
270 304
394 410
130 133
359 366
127
422 444
438 447
840 846
939
797 814
47 65
573 609
956 988
930 949
891 903
960 982
789 816
671
674 701
81
450
562 571
522 524
327 376
643 653
928 961
728
920 943
478 492
459 474
994
198 238
572 583
588
273 290
632 636
18 124
211
38
818 834
196
436
96 102
320
338 353
913
760 794
528 534
182 188
168 172
224 246
484 487
805 857
503 517
651 657
259 285
26 31
799
434 437
5
940 941
365 382
530
156 157
563 579
957 958
109
820
181
66 82
197
266 288
89
715 753
688
92
234 250
495 501
248 257
337 343
497
275
586 589
143 218
241
336 350
897 910
123 126
806 824
175 185
34
577 580
599 601
645
149
546
85 119
828 868
737 763
533
28
590 595
710 759
254
277
717 720
934 990
782 788
774 810
83
911 918
116 128
684 711
965 996
428 464
628 709
984 6
385 390
57 58
841 853
598 600
202
244 252
488
301
736
889
375 465
59 71
631 633
635 659
752 762
919 927
594
86 117
87
223 271
472
725
907
644
557
509
666 668
954
280 331
187
731 781
300
393
286
78
964
48
214 215
836
706
638
896
19
391
924
219
260
0 37
576
3
264 291
13
606
287
113
516
384 432
871 882
746
131 158
898 904
191 237
22
775
567
23
962
802
139
550
217
154
70
561
272
398 403
416
750 783
732
504
161 206
179
364
743
648
292
946 968
981 64
381
942
166
296
68 69
370
404
723
499
532
877
771
216
468
502
623
845
712
969
269 335
281
228
466 476
201
480
663
870
618 634
756
423
539
508
761
479
50
294
901 909
950
90
79 84
654
549
883 884
757
685 700
890
899
313
221 253
417 419
457
803
451
739
4
880
329
972
699 749
900
418 427
498 535
548 552
463
905
527 542
855
25
555
433
41
349
11
921
367
302
559
887
629
812
729
679
295 395
614
429
830
247
578 587
159
103
985 999
9
60
616
755
348
551
310 399
467
360
411
148
777
673 683
963
35
265
974 979
864
462
707
98
347
792
21
860
627
203
208
167
613
704
456
97 104
507
190 207
923
305
225
641
992
389
324 363
936
512 558
496 523
831
245
878
603 696
677
435
53 54
541
106
500
926
564 568
844
152 180
945 980
902 916
986
584
445 449
798 892
352
361
650
554
111
306 322
189
998
142
888
120
178
610
970
39
708
718
944
987
73
229
232
233
358
460
823
852
604
713
255
267
692
396
682
274
400
261
311
442
906
526
597
284
669
865
786
140
62
754
298
596
421
439
63
505
278
299
922
328
605
815
319
406
446
7
440
719
279
473
369
193
309
536
283
886
811
45
827
978
722
430
333
29
342
362
839
483
935
240
565
184
24
100
826
493
687
849
863
591
724
693
213
222
514
869
560
177
787
933
356
334
506
975
315
212
851
107
491
75
804
293
875
453
702
925
112
807
574
821
640
652
850
908
727
842
346
776
303
593
110
489
323
914
1
997
239
819
658
667
378
733
672
809
77
656
258
351
357
312
136
121
174
785
186
276
132
176
917
874
519
235
931
611
741
230
515
164
626
893
170
486
690
778
332
680
209
983
520
205
742
790
431
556
268
895
575
420
377
425
412
56
380
540
791
326
822
843
966
74
14
592
43
538
647
639
316
621
678
747
955
764
325
441
730
308
340
859
379
854
694
938
354
374
655
649
531
848
397
738
767
772
829
16
135
976
220
602
17
33
477
210
42
141
646
766
784
192
642
194
282
317
691
448
569
959
734
748
780
948
971
989
122
